<?xml version="1.0" encoding="UTF-8"?>
<!-- Generated by org.testng.reporters.JUnitXMLReporter -->
<testsuite hostname="LAPTOP-R3M28EE0" ignored="0" name="Default test" tests="6" failures="0" timestamp="2022-11-01T22:09:34 CDT" time="25.679" errors="0">
  <testcase name="googleTitleTest" time="0.024" classname="com.test.GoogleTest"/>
  <testcase name="googleLogoTest" time="0.058" classname="com.test.GoogleTest"/>
  <testcase name="gmailLinkTest" time="0.039" classname="com.test.GoogleTest"/>
  <testcase name="test1" time="0.002" classname="com.test.GoogleTest"/>
  <testcase name="test2" time="0.001" classname="com.test.GoogleTest"/>
  <testcase name="test3" time="0.0" classname="com.test.GoogleTest"/>
</testsuite> <!-- Default test -->
